<?xml version="1.0" encoding="UTF-8"?>
<!-- Generated by org.testng.reporters.JUnitXMLReporter -->
<testsuite ignored="0" hostname="DESKTOP-BNPS8DG" failures="2" tests="2" name="Test" time="16.765" errors="0" timestamp="2024-02-11T09:54:00 IST">
  <testcase classname="tests.HrmTest" name="loginLogOutTest" time="0.029">
    <failure type="java.lang.NullPointerException" message="Cannot invoke &amp;quot;org.openqa.selenium.WebDriver.findElement(org.openqa.selenium.By)&amp;quot; because the return value of &amp;quot;drivers.DriverManagar.getDriver()&amp;quot; is null">
      <![CDATA[java.lang.NullPointerException: Cannot invoke "org.openqa.selenium.WebDriver.findElement(org.openqa.selenium.By)" because the return value of "drivers.DriverManagar.getDriver()" is null
at pages.Basepage.sendKeys(Basepage.java:18)
at pages.OrangeHRMLoginPage.enterUserName(OrangeHRMLoginPage.java:20)
at tests.HrmTest.loginLogOutTest(HrmTest.java:37)
at java.base/java.util.concurrent.ThreadPoolExecutor.runWorker(ThreadPoolExecutor.java:1144)
at java.base/java.util.concurrent.ThreadPoolExecutor$Worker.run(ThreadPoolExecutor.java:642)
at java.base/java.lang.Thread.run(Thread.java:1623)
... Removed 10 stack frames]]>
    </failure>
  </testcase> <!-- loginLogOutTest -->
  <testcase classname="tests.HrmTest" name="loginLogOutTest" time="0.008">
    <failure type="java.lang.NullPointerException" message="Cannot invoke &amp;quot;org.openqa.selenium.WebDriver.findElement(org.openqa.selenium.By)&amp;quot; because the return value of &amp;quot;drivers.DriverManagar.getDriver()&amp;quot; is null">
      <![CDATA[java.lang.NullPointerException: Cannot invoke "org.openqa.selenium.WebDriver.findElement(org.openqa.selenium.By)" because the return value of "drivers.DriverManagar.getDriver()" is null
at pages.Basepage.sendKeys(Basepage.java:18)
at pages.OrangeHRMLoginPage.enterUserName(OrangeHRMLoginPage.java:20)
at tests.HrmTest.loginLogOutTest(HrmTest.java:37)
at java.base/java.util.concurrent.ThreadPoolExecutor.runWorker(ThreadPoolExecutor.java:1144)
at java.base/java.util.concurrent.ThreadPoolExecutor$Worker.run(ThreadPoolExecutor.java:642)
at java.base/java.lang.Thread.run(Thread.java:1623)
... Removed 10 stack frames]]>
    </failure>
  </testcase> <!-- loginLogOutTest -->
</testsuite> <!-- Test -->
