<?xml version="1.0" encoding="UTF-8"?>
<testng-results ignored="0" total="1" passed="1" failed="0" skipped="0">
  <reporter-output>
  </reporter-output>
  <suite started-at="2024-03-12T03:10:18 IST" name="Default suite" finished-at="2024-03-12T03:10:51 IST" duration-ms="32977">
    <groups>
    </groups>
    <test started-at="2024-03-12T03:10:18 IST" name="Default test" finished-at="2024-03-12T03:10:51 IST" duration-ms="32977">
      <class name="tests.TaskCreate">
        <test-method is-config="true" signature="beforeSuite()[pri:0, instance:tests.TaskCreate@523424b5]" started-at="2024-03-12T03:10:17 IST" name="beforeSuite" finished-at="2024-03-12T03:10:18 IST" duration-ms="783" status="PASS">
          <reporter-output>
          </reporter-output>
        </test-method> <!-- beforeSuite -->
        <test-method is-config="true" signature="tearUp()[pri:0, instance:tests.TaskCreate@523424b5]" started-at="2024-03-12T03:10:18 IST" name="tearUp" finished-at="2024-03-12T03:10:25 IST" duration-ms="6741" status="PASS">
          <reporter-output>
          </reporter-output>
        </test-method> <!-- tearUp -->
        <test-method signature="createTask()[pri:0, instance:tests.TaskCreate@523424b5]" started-at="2024-03-12T03:10:25 IST" name="createTask" finished-at="2024-03-12T03:10:50 IST" duration-ms="25910" status="PASS">
          <reporter-output>
          </reporter-output>
        </test-method> <!-- createTask -->
        <test-method is-config="true" signature="tearDown()[pri:0, instance:tests.TaskCreate@523424b5]" started-at="2024-03-12T03:10:50 IST" name="tearDown" finished-at="2024-03-12T03:10:51 IST" duration-ms="237" status="PASS">
          <reporter-output>
          </reporter-output>
        </test-method> <!-- tearDown -->
        <test-method is-config="true" signature="afterSuite()[pri:0, instance:tests.TaskCreate@523424b5]" started-at="2024-03-12T03:10:51 IST" name="afterSuite" finished-at="2024-03-12T03:10:51 IST" duration-ms="735" status="PASS">
          <reporter-output>
          </reporter-output>
        </test-method> <!-- afterSuite -->
      </class> <!-- tests.TaskCreate -->
    </test> <!-- Default test -->
  </suite> <!-- Default suite -->
</testng-results>
